----------------------------
Fri Oct 26 19:26:03 2012

Customer 1
pie-shells 2 @ 0.99 1.98
*** product number not in inventory ***
laundry-soap 1 @ 3.6 3.6 TX 
Subtotal 5.58
Tax 0.27
-----------
Total 5.85
----------------------------
Fri Oct 26 19:26:59 2012

Customer 2
gallon-milk 5 @ 1.99 9.95
butter 1 @ 2.59 2.59
pie-shells 3 @ 0.99 2.97
laundry-soap 3 @ 3.6 10.8 TX 
homestyle-br 1 @ 0.99 0.99
*** product number not in inventory ***
Subtotal 27.3
Tax 0.81
-----------
Total 28.11
